"../../../../../../dev/Unreal/HoloTerrain/Plugins/UXTools/Content/InputSimulation/InputSimulationHands_Skeleton.uasset" 0
"../../../Engine/Content/Functions/Engine_MaterialFunctions02/Utility/CameraDirectionVector.uasset" 1
"../../../../../../dev/Unreal/HoloTerrain/Plugins/UXTools/Content/Materials/MF_SimpleLit.uasset" 2
"../../../../../../dev/Unreal/HoloTerrain/Plugins/UXTools/Content/Materials/MPC_UXSettings.uasset" 3
"../../../../../../dev/Unreal/HoloTerrain/Plugins/UXTools/Content/InputSimulation/M_HandMesh.uasset" 4
"../../../../../../dev/Unreal/HoloTerrain/Plugins/UXTools/Content/InputSimulation/InputSimulationHands.uasset" 5
"../../../../../../dev/Unreal/HoloTerrain/Content/Materials/M_HolographicHands.uasset" 6
"../../../Engine/Content/EditorBlueprintResources/StandardMacros.uasset" 7
"../../../Engine/Content/EngineMaterials/T_Default_Material_Grid_N.uasset" 8
"../../../Engine/Content/EngineMaterials/T_Default_Material_Grid_M.uasset" 9
"../../../Engine/Content/Functions/Engine_MaterialFunctions01/Opacity/CameraDepthFade.uasset" 10
"../../../Engine/Content/EngineMaterials/DefaultMaterial.uasset" 11
"../../../Engine/Content/BasicShapes/Sphere.uasset" 12
"../../../Engine/Content/BasicShapes/Cylinder.uasset" 13
"../../../../../../dev/Unreal/HoloTerrain/Content/Materials/M_Color.uasset" 14
"../../../../../../dev/Unreal/HoloTerrain/Content/Materials/MI_Grey.uasset" 15
"../../../Engine/Content/ArtTools/RenderToTexture/Textures/127grey.uasset" 16
"../../../Engine/Content/Functions/Engine_MaterialFunctions02/SplitComponents.uasset" 17
"../../../Engine/Content/Functions/Engine_MaterialFunctions02/Utility/MakeFloat2.uasset" 18
"../../../../../../dev/Unreal/HoloTerrain/Content/Materials/M_TerrainDisplacer.uasset" 19
"../../../../../../dev/Unreal/HoloTerrain/Content/Images/RoundedTerrainBrush.uasset" 20
"../../../../../../dev/Unreal/HoloTerrain/Content/Materials/M_TerrainBrush.uasset" 21
"../../../Engine/Content/MaterialTemplates/Textures/T_Noise01.uasset" 22
"../../../Engine/Content/Functions/Engine_MaterialFunctions02/ExampleContent/Textures/LowResBlurredNoise.uasset" 23
"../../../../../../dev/Unreal/HoloTerrain/Content/Materials/M_RandomIsland.uasset" 24
"../../../Engine/Content/EngineResources/DefaultTexture.uasset" 25
"../../../../../../dev/Unreal/HoloTerrain/Content/Materials/M_Blur.uasset" 26
"../../../Engine/Content/Functions/Engine_MaterialFunctions02/Utility/BreakOutFloat3Components.uasset" 27
"../../../../../../dev/Unreal/HoloTerrain/Content/Images/TexturesCom_TwingsandBranches_2x2_1K_normal.uasset" 28
"../../../../../../dev/Unreal/HoloTerrain/Content/Images/TexturesCom_Rock_CliffCoastal5_1K_normal.uasset" 29
"../../../../../../dev/Unreal/HoloTerrain/Content/Images/TexturesCom_Rock_CliffCoastal5_1K_albedo.uasset" 30
"../../../../../../dev/Unreal/HoloTerrain/Content/Images/TexturesCom_Grass0003_1_seamless_S.uasset" 31
"../../../../../../dev/Unreal/HoloTerrain/Content/Materials/MF_TriplanarTerrain.uasset" 32
"../../../../../../dev/Unreal/HoloTerrain/Content/Materials/M_Terrain.uasset" 33
"../../../../../../dev/Unreal/HoloTerrain/Content/Blueprints/BP_HoloTerrain.uasset" 34
"../../../../../../dev/Unreal/HoloTerrain/Content/Blueprints/BP_ToggleTerrainMovement.uasset" 35
"../../../../../../dev/Unreal/HoloTerrain/Content/Blueprints/BP_SmoothTerrain.uasset" 36
"../../../../../../dev/Unreal/HoloTerrain/Content/Blueprints/BP_RotateLightCW.uasset" 37
"../../../../../../dev/Unreal/HoloTerrain/Content/Blueprints/BP_RotateLightCCW.uasset" 38
"../../../../../../dev/Unreal/HoloTerrain/Content/Blueprints/BP_ResetTerrainButton.uasset" 39
"../../../../../../dev/Unreal/HoloTerrain/Content/Blueprints/BP_RandomizeTerrain.uasset" 40
"../../../Engine/Content/EngineMaterials/WorldGridMaterial.uasset" 41
"../../../Engine/Content/BasicShapes/Plane.uasset" 42
"../../Plugins/FX/Niagara/Content/Enums/ENiagaraSystemInactiveMode.uasset" 43
"../../Plugins/FX/Niagara/Content/Enums/ENiagaraScaleColorMode.uasset" 44
"../../Plugins/FX/Niagara/Content/Enums/ENiagaraRandomnessMode.uasset" 45
"../../Plugins/FX/Niagara/Content/Enums/ENiagaraInactiveMode.uasset" 46
"../../Plugins/FX/Niagara/Content/Enums/ENiagaraEmitterScalabilityMode_Limited.uasset" 47
"../../Plugins/FX/Niagara/Content/Enums/ENiagaraEmitterLifeCycleMode.uasset" 48
"../../Plugins/FX/Niagara/Content/Enums/ENiagaraChannelCorrelation.uasset" 49
"../../Plugins/FX/Niagara/Content/Enums/ENiagara_UVFlippingMode.uasset" 50
"../../Plugins/FX/Niagara/Content/Enums/ENiagara_SpriteRotationMode.uasset" 51
"../../Plugins/FX/Niagara/Content/Enums/ENiagara_SizeScaleMode.uasset" 52
"../../Plugins/FX/Niagara/Content/Enums/ENiagara_PositionInitializationMode.uasset" 53
"../../Plugins/FX/Niagara/Content/Enums/ENiagara_MassInitializationMode.uasset" 54
"../../Plugins/FX/Niagara/Content/Enums/ENiagara_LifetimeMode.uasset" 55
"../../Plugins/FX/Niagara/Content/Enums/ENiagara_InfiniteLoopDuration.uasset" 56
"../../Plugins/FX/Niagara/Content/Enums/ENiagara_EmitterStateOptions.uasset" 57
"../../Plugins/FX/Niagara/Content/Enums/ENiagara_ColorInitializationMode.uasset" 58
"../../Plugins/FX/Niagara/Content/Modules/Update/Size/ScaleSpriteSize.uasset" 59
"../../Plugins/FX/Niagara/Content/Modules/Update/Lifetime/ParticleState.uasset" 60
"../../Plugins/FX/Niagara/Content/Modules/Update/Color/ScaleColor.uasset" 61
"../../Plugins/FX/Niagara/Content/Functions/System/SystemChangeState.uasset" 62
"../../Plugins/FX/Niagara/Content/Modules/System/SystemState.uasset" 63
"../../Plugins/FX/Niagara/Content/Enums/ENiagaraCoordinateSpace.uasset" 64
"../../Plugins/FX/Niagara/Content/Enums/ENiagaraRandomnessEvaluation.uasset" 65
"../../Plugins/FX/Niagara/Content/Functions/V2/CalculateRandomRange.uasset" 66
"../../Plugins/FX/Niagara/Content/Functions/V2/CalculateRandomRangeFloat.uasset" 67
"../../Plugins/FX/Niagara/Content/Functions/V2/CalculateRandomRangeInteger.uasset" 68
"../../Plugins/FX/Niagara/Content/Functions/V2/CalculateRandomBool.uasset" 69
"../../Plugins/FX/Niagara/Content/Functions/LinearColor/HueShiftLinearColor.uasset" 70
"../../Plugins/FX/Niagara/Content/Functions/Localspace/TransformBase.uasset" 71
"../../Plugins/FX/Niagara/Content/Functions/Localspace/TransformVector.uasset" 72
"../../Plugins/FX/Niagara/Content/Functions/Localspace/SimulationPosition.uasset" 73
"../../Plugins/FX/Niagara/Content/Modules/Spawn/Initialization/V2/InitializeParticle.uasset" 74
"../../Plugins/FX/Niagara/Content/Functions/DirectionAndLengthSafe.uasset" 75
"../../Plugins/FX/Niagara/Content/Modules/Solvers/SolveForcesAndVelocity.uasset" 76
"../../Plugins/FX/Niagara/Content/Functions/GetRandomInfo.uasset" 77
"../../Plugins/FX/Niagara/Content/Functions/RandomRangeFloat.uasset" 78
"../../Plugins/FX/Niagara/Content/Modules/Emitter/SpawnRate.uasset" 79
"../../Plugins/FX/Niagara/Content/Enums/ENiagaraExecutionStateManagement.uasset" 80
"../../Plugins/FX/Niagara/Content/Functions/Emitter/EmitterChangeState.uasset" 81
"../../Plugins/FX/Niagara/Content/Modules/Emitter/EmitterState.uasset" 82
"../../Plugins/FX/Niagara/Content/DynamicInputs/ValueFromCurve/FloatFromCurve.uasset" 83
"../../Plugins/FX/Niagara/Content/DynamicInputs/ScaleByCurve/ScaleVector2DByCurve.uasset" 84
"../../../Engine/Content/MapTemplates/TilingNoise05.uasset" 85
"../../../../../../dev/Unreal/HoloTerrain/Content/Images/ripple_alpha2.uasset" 86
"../../../../../../dev/Unreal/HoloTerrain/Content/Materials/M_Ripple.uasset" 87
"../../../../../../dev/Unreal/HoloTerrain/Content/FX/FX_WaterRipples.uasset" 88
"../../../Engine/Content/MapTemplates/Sky/DaylightAmbientCubemap.uasset" 89
"../../../Engine/Content/Functions/Engine_MaterialFunctions02/ExampleContent/Textures/water_n.uasset" 90
"../../../../../../dev/Unreal/HoloTerrain/Content/Materials/M_WaterPlane.uasset" 91
"../../../../../../dev/Unreal/HoloTerrain/Content/Blueprints/BP_WaterPlane.uasset" 92
"../../../../../../dev/Unreal/HoloTerrain/Content/Blueprints/BP_PalmMenu.uasset" 93
"../../../../../../dev/Unreal/HoloTerrain/Content/Blueprints/MRPawn.uasset" 94
"../../../../../../dev/Unreal/HoloTerrain/Content/HoloTerrainGameMode.uasset" 95
"../../../../../../dev/Unreal/HoloTerrain/Content/Blueprints/BP_MoveTerrainButton.uasset" 96
"../../../../../../dev/Unreal/HoloTerrain/Content/Blueprints/BP_SculptTerrain.uasset" 97
"../../../../../../dev/Unreal/HoloTerrain/Content/Images/ripple2_normal.uasset" 98
"../../../../../../dev/Unreal/HoloTerrain/Content/Images/ripple_alpha.uasset" 99
"../../../../../../dev/Unreal/HoloTerrain/Content/Images/ripple_normal.uasset" 100
"../../../../../../dev/Unreal/HoloTerrain/Content/Images/TexturesCom_Grass0053_1_seamless_S.uasset" 101
"../../../../../../dev/Unreal/HoloTerrain/Content/Images/TexturesCom_TwingsandBranches_2x2_1K_albedo.uasset" 102
"../../../../../../dev/Unreal/HoloTerrain/Content/Meshes/plane.uasset" 103
"../../../../../../dev/Unreal/HoloTerrain/Content/Materials/M_Texture.uasset" 104
"../../../Engine/Content/Animation/DefaultAnimCurveCompressionSettings.uasset" 105
"../../../Engine/Content/ArtTools/RenderToTexture/Meshes/S_1_Unit_Plane.uasset" 106
"../../../Engine/Content/BasicShapes/Cone.uasset" 107
"../../../Engine/Content/BasicShapes/Cube.uasset" 108
"../../../Engine/Content/EditorLandscapeResources/DataLayer.uasset" 109
"../../../Engine/Content/EditorLandscapeResources/DefaultAlphaTexture.uasset" 110
"../../../Engine/Content/EditorMaterials/MAT_Groups_Toggle.uasset" 111
"../../../Engine/Content/EditorMaterials/MAT_Groups_Visibility.uasset" 112
"../../../Engine/Content/EditorMaterials/PreviewShadowIndicator.uasset" 113
"../../../Engine/Content/EditorMaterials/PreviewShadowIndicatorMaterial.uasset" 114
"../../../Engine/Content/EditorMaterials/MatineeGroups/MAT_ColorTrack.uasset" 115
"../../../Engine/Content/EditorMaterials/MatineeGroups/MAT_Groups_Anim.uasset" 116
"../../../Engine/Content/EditorMaterials/MatineeGroups/MAT_Groups_AudioMaster.uasset" 117
"../../../Engine/Content/EditorMaterials/MatineeGroups/MAT_Groups_Director.uasset" 118
"../../../Engine/Content/EditorMaterials/MatineeGroups/MAT_Groups_Event.uasset" 119
"../../../Engine/Content/EditorMaterials/MatineeGroups/MAT_Groups_Fade.uasset" 120
"../../../Engine/Content/EditorMaterials/MatineeGroups/MAT_Groups_Float.uasset" 121
"../../../Engine/Content/EditorMaterials/MatineeGroups/MAT_Groups_Move.uasset" 122
"../../../Engine/Content/EditorMaterials/MatineeGroups/MAT_Groups_Slomo.uasset" 123
"../../../Engine/Content/EditorMaterials/MatineeGroups/MAT_Groups_Sound.uasset" 124
"../../../Engine/Content/EditorMaterials/MatineeGroups/MAT_Groups_Vector.uasset" 125
"../../../Engine/Content/EditorMaterials/ParticleSystems/PSysThumbnail_NoImage.uasset" 126
"../../../Engine/Content/EditorMaterials/ParticleSystems/PSysThumbnail_OOD.uasset" 127
"../../../Engine/Content/EditorMaterials/Camera/CineMat.uasset" 128
"../../../Engine/Content/EditorMaterials/Camera/MI_CineMat_Rig.uasset" 129
"../../../Engine/Content/EditorMeshes/Camera/SM_CraneRig_Arm.uasset" 130
"../../../Engine/Content/EditorMeshes/Camera/SM_CraneRig_Base.uasset" 131
"../../../Engine/Content/EditorMeshes/Camera/SM_CraneRig_Body.uasset" 132
"../../../Engine/Content/EditorMeshes/Camera/SM_CraneRig_Mount.uasset" 133
"../../../Engine/Content/EditorMeshes/Camera/SM_RailRig_Mount.uasset" 134
"../../../Engine/Content/EditorMeshes/Camera/SM_RailRig_Track.uasset" 135
"../../../Engine/Content/EditorResources/BSPVertex.uasset" 136
"../../../Engine/Content/EditorResources/EmptyActor.uasset" 137
"../../../Engine/Content/EditorResources/S_Actor.uasset" 138
"../../../Engine/Content/EditorResources/S_Note.uasset" 139
"../../../Engine/Content/EditorResources/S_Solver.uasset" 140
"../../../Engine/Content/EditorResources/S_Terrain.uasset" 141
"../../../Engine/Content/EditorResources/S_Trigger.uasset" 142
"../../../Engine/Content/EditorResources/SequenceRecorder/Countdown.uasset" 143
"../../../Engine/Content/EditorResources/SequenceRecorder/RecordingIndicator.uasset" 144
"../../../Engine/Content/EngineDamageTypes/DmgTypeBP_Environmental.uasset" 145
"../../../Engine/Content/EngineDebugMaterials/DebugEditorMaterial.uasset" 146
"../../../Engine/Content/EngineDebugMaterials/DebugMeshMaterial.uasset" 147
"../../../Engine/Content/EngineDebugMaterials/M_SimpleUnlitTranslucent.uasset" 148
"../../../Engine/Content/EngineDebugMaterials/VolumeToRender.uasset" 149
"../../../Engine/Content/EngineDebugMaterials/M_VolumeRenderSphereTracePP.uasset" 150
"../../../Engine/Content/Functions/Engine_MaterialFunctions01/Shading/ConvertFromDiffSpec.uasset" 151
"../../../Engine/Content/EngineDebugMaterials/VertexColorMaterial.uasset" 152
"../../../Engine/Content/EngineDebugMaterials/WireframeMaterial.uasset" 153
"../../../Engine/Content/EngineFonts/Faces/RobotoRegular.uasset" 154
"../../../Engine/Content/EngineFonts/Faces/RobotoLight.uasset" 155
"../../../Engine/Content/EngineFonts/Faces/RobotoItalic.uasset" 156
"../../../Engine/Content/EngineFonts/Faces/RobotoBoldItalic.uasset" 157
"../../../Engine/Content/EngineFonts/Faces/RobotoBold.uasset" 158
"../../../Engine/Content/EngineFonts/Faces/DroidSansFallback.uasset" 159
"../../../Engine/Content/EngineFonts/Roboto.uasset" 160
"../../../Engine/Content/EngineMaterials/BaseFlattenNormalMap.uasset" 161
"../../../Engine/Content/EngineMaterials/BaseFlattenGrayscaleMap.uasset" 162
"../../../Engine/Content/EngineMaterials/BaseFlattenEmissiveMap.uasset" 163
"../../../Engine/Content/EngineMaterials/BaseFlattenDiffuseMap.uasset" 164
"../../../Engine/Content/EngineMaterials/BaseFlattenMaterial.uasset" 165
"../../../Engine/Content/EngineMaterials/BlueNoise.uasset" 166
"../../../Engine/Content/EngineMaterials/DefaultBloomKernel.uasset" 167
"../../../Engine/Content/EngineMaterials/DefaultBokeh.uasset" 168
"../../../Engine/Content/EngineMaterials/DefaultDiffuse.uasset" 169
"../../../Engine/Content/EngineMaterials/DefaultDeferredDecalMaterial.uasset" 170
"../../../Engine/Content/EngineMaterials/DefaultLightFunctionMaterial.uasset" 171
"../../../Engine/Content/EngineMaterials/DefaultPhysicalMaterial.uasset" 172
"../../../Engine/Content/Functions/Engine_MaterialFunctions02/Utility/BreakOutFloat2Components.uasset" 173
"../../../Engine/Content/EngineMaterials/DefaultPostProcessMaterial.uasset" 174
"../../../Engine/Content/EngineFonts/RobotoDistanceField.uasset" 175
"../../../Engine/Content/EngineMaterials/DefaultTextMaterialOpaque.uasset" 176
"../../../Engine/Content/EngineMaterials/DefaultWhiteGrid.uasset" 177
"../../../Engine/Content/EngineMaterials/DefaultWhiteGrid_Low.uasset" 178
"../../../Engine/Content/EngineMaterials/EmissiveMeshMaterial.uasset" 179
"../../../Engine/Content/EngineMaterials/GizmoMaterial.uasset" 180
"../../../Engine/Content/EngineMaterials/Good64x64TilingNoiseHighFreq.uasset" 181
"../../../Engine/Content/EngineMaterials/MiniFont.uasset" 182
"../../../Engine/Content/EngineMaterials/InvalidLightmapSettings.uasset" 183
"../../../Engine/Content/EngineMaterials/M_InvalidLightmapSettings.uasset" 184
"../../../Engine/Content/Functions/Engine_MaterialFunctions02/WorldPositionOffset/CameraOffset.uasset" 185
"../../../Engine/Content/EngineMaterials/PhAT_JointLimitMaterial.uasset" 186
"../../../Engine/Content/EngineMaterials/PreintegratedSkinBRDF.uasset" 187
"../../../Engine/Content/EngineMaterials/RemoveSurfaceMaterial.uasset" 188
"../../../Engine/Content/EngineMaterials/WeightMapPlaceholderTexture.uasset" 189
"../../../Engine/Content/EngineResources/WhiteSquareTexture.uasset" 190
"../../../Engine/Content/EngineMaterials/Widget3DPassThrough.uasset" 191
"../../../Engine/Content/EngineMaterials/Widget3DPassThrough_Masked.uasset" 192
"../../../Engine/Content/EngineMaterials/Widget3DPassThrough_Opaque.uasset" 193
"../../../Engine/Content/EngineMaterials/Widget3DPassThrough_Masked_OneSided.uasset" 194
"../../../Engine/Content/EngineMaterials/Widget3DPassThrough_Opaque_OneSided.uasset" 195
"../../../Engine/Content/EngineMaterials/Widget3DPassThrough_Translucent.uasset" 196
"../../../Engine/Content/EngineMaterials/Widget3DPassThrough_Translucent_OneSided.uasset" 197
"../../../Engine/Content/EngineMeshes/Cylinder.uasset" 198
"../../../Engine/Content/EngineMeshes/Sphere.uasset" 199
"../../../Engine/Content/EngineResources/Black.uasset" 200
"../../../Engine/Content/EngineResources/DefaultTextureCube.uasset" 201
"../../../Engine/Content/EngineResources/DefaultVolumeTexture2D.uasset" 202
"../../../Engine/Content/EngineResources/DefaultVolumeTexture.uasset" 203
"../../../Engine/Content/EngineResources/GradientTexture0.uasset" 204
"../../../Engine/Content/EngineSky/VolumetricClouds/T_NoiseShape64.uasset" 205
"../../../Engine/Content/EngineSky/VolumetricClouds/T_VolumeNoiseShape64.uasset" 206
"../../../Engine/Content/EngineSky/VolumetricClouds/T_NoiseErosion.uasset" 207
"../../../Engine/Content/EngineSky/VolumetricClouds/T_VolumeNoiseErosion32.uasset" 208
"../../../Engine/Content/EngineSky/VolumetricClouds/CloudWeatherTexture.uasset" 209
"../../../Engine/Content/EngineSky/VolumetricClouds/CloudGradientTexture.uasset" 210
"../../../Engine/Content/EngineSky/VolumetricClouds/m_SimpleVolumetricCloud.uasset" 211
"../../../Engine/Content/EngineSky/VolumetricClouds/m_SimpleVolumetricCloud_Inst.uasset" 212
"../../../Engine/Content/EngineSounds/Master.uasset" 213
"../../../Engine/Content/Functions/Engine_MaterialFunctions01/Shading/PowerToRoughness.uasset" 214
"../../../Engine/Content/Maps/Templates/Thumbnails/Default.uasset" 215
"../../../Engine/Content/Maps/Templates/Thumbnails/TimeOfDay.uasset" 216
"../../../Engine/Content/Maps/Templates/Thumbnails/VR-Basic.uasset" 217
"../../../Engine/Content/MobileResources/T_MobileControls_texture.uasset" 218
"../../../Engine/Content/MobileResources/T_MobileMenu2.uasset" 219
"../../../Engine/Content/MobileResources/HUD/AnalogHat.uasset" 220
"../../../Engine/Content/MobileResources/HUD/VirtualJoystick_Thumb.uasset" 221
"../../../Engine/Content/MobileResources/HUD/VirtualJoystick_Background.uasset" 222
"../../../Engine/Content/MobileResources/HUD/DefaultVirtualJoysticks.uasset" 223
"../../../Engine/Content/MobileResources/HUD/LeftVirtualJoystickOnly.uasset" 224
"../../../Engine/Content/MobileResources/HUD/MobileHUDButton1_off.uasset" 225
"../../../Engine/Content/MobileResources/HUD/MobileHUDButton1_on.uasset" 226
"../../../Engine/Content/MobileResources/HUD/MobileHUDButton2_off.uasset" 227
"../../../Engine/Content/MobileResources/HUD/MobileHUDButton2_on.uasset" 228
"../../../Engine/Content/MobileResources/HUD/MobileHUDButton3.uasset" 229
"../../../Engine/Content/MobileResources/HUD/MobileHUDButtonFire.uasset" 230
"../../../Engine/Content/MobileResources/HUD/MobileHUDDirectionPad.uasset" 231
"../../../Engine/Content/MobileResources/HUD/MobileHUDDirectionPad2.uasset" 232
"../../../Engine/Content/MobileResources/HUD/MobileHUDDirectionPad3.uasset" 233
"../../../Engine/Content/MobileResources/HUD/MobileHUDDirectionStick.uasset" 234
"../../../Engine/Content/MobileResources/HUD/T_Castle_ThumbstickInner.uasset" 235
"../../../Engine/Content/MobileResources/HUD/T_Castle_ThumbstickOutter.uasset" 236
"../../../Engine/Content/Tutorial/ContentIntroCurve.uasset" 237
"../../../Engine/Content/Tutorial/Basics/LevelEditorAttract.uasset" 238
"../../../Engine/Content/Tutorial/Basics/TutorialAssets/icon_tab_Levels_40x.uasset" 239
"../../../Engine/Content/Tutorial/Basics/LevelEditorOverview.uasset" 240
"../../../Engine/Content/Tutorial/SubEditors/MaterialEditorTutorial.uasset" 241
"../../../Engine/Content/Tutorial/SubEditors/TutorialAssets/TutorialMaterial.uasset" 242
"../../../Engine/Content/VREditor/TransformGizmo/TranslucentTransformGizmoMaterial.uasset" 243
"../../../Engine/Content/VREditor/LaserPointer/VR_LaserPower_01.uasset" 244
"../../../Engine/Content/VREditor/TransformGizmo/TransformGizmoMaterial.uasset" 245
"../../../Engine/Content/VREditor/TransformGizmo/BoundingBoxCorner.uasset" 246
"../../../Engine/Content/VREditor/TransformGizmo/BoundingBoxEdge.uasset" 247
"../../../Engine/Content/VREditor/TransformGizmo/PlaneTranslationHandle.uasset" 248
"../../../Engine/Content/VREditor/TransformGizmo/Xray.uasset" 249
"../../../Engine/Content/VREditor/TransformGizmo/Main.uasset" 250
"../../../Engine/Content/VREditor/TransformGizmo/SM_Sequencer_Key.uasset" 251
"../../../Engine/Content/VREditor/TransformGizmo/SM_Sequencer_Node.uasset" 252
"../../Plugins/2D/Paper2D/Content/PlaceholderTextures/DummySpriteTexture.uasset" 253
"../../Plugins/2D/Paper2D/Content/DummySprite.uasset" 254
"../../Plugins/2D/Paper2D/Content/DefaultPaperTerrainMaterial.uasset" 255
"../../Plugins/2D/Paper2D/Content/DefaultSpriteMaterial.uasset" 256
"../../Plugins/2D/Paper2D/Content/MaskedUnlitSpriteMaterial.uasset" 257
"../../Plugins/2D/Paper2D/Content/OpaqueUnlitSpriteMaterial.uasset" 258
"../../Plugins/Editor/SpeedTreeImporter/Content/SpeedTree9/UnpackInteger3.uasset" 259
"../../Plugins/Editor/SpeedTreeImporter/Content/SpeedTree9/UnpackDirection.uasset" 260
"../../Plugins/Editor/SpeedTreeImporter/Content/SpeedTree9/game_wind_noise.uasset" 261
"../../../Engine/Content/Functions/Engine_MaterialFunctions02/SafeNormalize.uasset" 262
"../../Plugins/Editor/SpeedTreeImporter/Content/SpeedTree9/SpeedTreeWindMotion.uasset" 263
"../../Plugins/Editor/SpeedTreeImporter/Content/SpeedTree9/SpeedTreeBranchMotion.uasset" 264
"../../../Engine/Content/Functions/Engine_MaterialFunctions02/ObjectLocalBounds.uasset" 265
"../../../Engine/Content/Functions/Engine_MaterialFunctions02/UVs/BoundingBoxBased_0-1_UVW.uasset" 266
"../../Plugins/Editor/SpeedTreeImporter/Content/SpeedTree9/SpeedTreeWind.uasset" 267
"../../Plugins/Editor/SpeedTreeImporter/Content/SpeedTree9/SpeedTreeBillboard.uasset" 268
"../../Plugins/Editor/SpeedTreeImporter/Content/SpeedTree9/SpeedTreeBillboardMaster.uasset" 269
"../../Plugins/Editor/SpeedTreeImporter/Content/SpeedTree9/SpeedTreeCameraFacing.uasset" 270
"../../Plugins/Editor/SpeedTreeImporter/Content/SpeedTree9/SpeedTreeMaster.uasset" 271
"../../../Engine/Content/ArtTools/RenderToTexture/Materials/Debug/M_Emissive_Color.uasset" 272
"../../Plugins/Lumin/MagicLeapPassableWorld/Content/MagicLeapARPinInfoActor.uasset" 273
"../../../Engine/Content/Functions/Engine_MaterialFunctions02/Utility/BreakOutFloat4Components.uasset" 274
"../../../Engine/Content/Functions/Engine_MaterialFunctions02/Utility/MakeFloat3.uasset" 275
"../../Plugins/Runtime/Oculus/OculusVR/Content/Materials/OculusMR_ChromaKey.uasset" 276
"../../Plugins/Runtime/Oculus/OculusVR/Content/Materials/OculusMR_OpaqueColoredMaterial.uasset" 277
"../../Plugins/Runtime/Oculus/OculusVR/Content/Materials/PokeAHoleMaterial.uasset" 278
"../../../../../../dev/Unreal/HoloTerrain/Plugins/UXTools/Content/Textures/T_FingerBlob_03_D.uasset" 279
"../../../../../../dev/Unreal/HoloTerrain/Plugins/UXTools/Content/BoundsControl/M_BoundsControl.uasset" 280
"../../../../../../dev/Unreal/HoloTerrain/Plugins/UXTools/Content/BoundsControl/MI_BoundsControl.uasset" 281
"../../../../../../dev/Unreal/HoloTerrain/Plugins/UXTools/Content/BoundsControl/MI_BoundsControlGrabbed.uasset" 282
"../../../../../../dev/Unreal/HoloTerrain/Plugins/UXTools/Content/BoundsControl/T_Affordance_M.uasset" 283
"../../../../../../dev/Unreal/HoloTerrain/Plugins/UXTools/Content/BoundsControl/M_Affordance.uasset" 284
"../../../../../../dev/Unreal/HoloTerrain/Plugins/UXTools/Content/BoundsControl/MI_Affordance.uasset" 285
"../../../../../../dev/Unreal/HoloTerrain/Plugins/UXTools/Content/BoundsControl/SM_BoundingBox_FaceHandle.uasset" 286
"../../../../../../dev/Unreal/HoloTerrain/Plugins/UXTools/Content/BoundsControl/SM_BoundingBox_RotateHandle.uasset" 287
"../../../../../../dev/Unreal/HoloTerrain/Plugins/UXTools/Content/BoundsControl/SM_BoundingBox_ScaleHandle.uasset" 288
"../../../../../../dev/Unreal/HoloTerrain/Plugins/UXTools/Content/BoundsControl/SM_BoundingBox_ScaleHandle_Slate.uasset" 289
"../../../../../../dev/Unreal/HoloTerrain/Plugins/UXTools/Content/BoundsControl/SM_BoundsControl.uasset" 290
"../../../../../../dev/Unreal/HoloTerrain/Plugins/UXTools/Content/BoundsControl/M_BoundsControlEdge.uasset" 291
"../../../../../../dev/Unreal/HoloTerrain/Plugins/UXTools/Content/BoundsControl/MI_BoundsControlEdge.uasset" 292
"../../../../../../dev/Unreal/HoloTerrain/Plugins/UXTools/Content/BoundsControl/SM_BoundsControlEdge.uasset" 293
"../../../../../../dev/Unreal/HoloTerrain/Plugins/UXTools/Content/BoundsControl/M_BoundsControlFace.uasset" 294
"../../../../../../dev/Unreal/HoloTerrain/Plugins/UXTools/Content/BoundsControl/MI_BoundsControlFace.uasset" 295
"../../../../../../dev/Unreal/HoloTerrain/Plugins/UXTools/Content/BoundsControl/SM_BoundsControlFace.uasset" 296
"../../../../../../dev/Unreal/HoloTerrain/Plugins/UXTools/Content/BoundsControl/S_BoundsControlEnd_Mono_01.uasset" 297
"../../../../../../dev/Unreal/HoloTerrain/Plugins/UXTools/Content/BoundsControl/S_BoundsControlStart_Mono_01.uasset" 298
"../../../../../../dev/Unreal/HoloTerrain/Plugins/UXTools/Content/BoundsControl/Presets/BoundsControlDefault.uasset" 299
"../../../../../../dev/Unreal/HoloTerrain/Plugins/UXTools/Content/BoundsControl/Presets/BoundsControlSlate2D.uasset" 300
"../../../../../../dev/Unreal/HoloTerrain/Plugins/UXTools/Content/Buttons/HoloLens2/FC_Hololens2IconFocus.uasset" 301
"../../../../../../dev/Unreal/HoloTerrain/Plugins/UXTools/Content/Textures/T_IridescenceRamp_01_D.uasset" 302
"../../../../../../dev/Unreal/HoloTerrain/Plugins/UXTools/Content/Materials/M_RoundedEdgeThick.uasset" 303
"../../../../../../dev/Unreal/HoloTerrain/Plugins/UXTools/Content/Materials/MI_HoloLens2BackPlate.uasset" 304
"../../../../../../dev/Unreal/HoloTerrain/Plugins/UXTools/Content/Buttons/HoloLens2/MI_ButtonHoloLens2BackPlateToggle.uasset" 305
"../../../../../../dev/Unreal/HoloTerrain/Plugins/UXTools/Content/Materials/M_ButtonBox.uasset" 306
"../../../../../../dev/Unreal/HoloTerrain/Plugins/UXTools/Content/Buttons/HoloLens2/MI_ButtonHoloLens2FrontPlate.uasset" 307
"../../../../../../dev/Unreal/HoloTerrain/Plugins/UXTools/Content/Buttons/HoloLens2/MI_ButtonHoloLens2FrontPlateLocalInputLeft.uasset" 308
"../../../../../../dev/Unreal/HoloTerrain/Plugins/UXTools/Content/Buttons/HoloLens2/MI_ButtonHoloLens2FrontPlateLocalInputRight.uasset" 309
"../../../../../../dev/Unreal/HoloTerrain/Plugins/UXTools/Content/Buttons/Simple/SM_RoundButtonTube.uasset" 310
"../../../../../../dev/Unreal/HoloTerrain/Plugins/UXTools/Content/Buttons/Simple/SM_RoundButtonCylinder.uasset" 311
"../../../../../../dev/Unreal/HoloTerrain/Plugins/UXTools/Content/Materials/M_SimpleLit_Color.uasset" 312
"../../../../../../dev/Unreal/HoloTerrain/Plugins/UXTools/Content/Materials/MI_SimpleLit_White.uasset" 313
"../../../../../../dev/Unreal/HoloTerrain/Plugins/UXTools/Content/Materials/MI_SimpleLit_Magenta.uasset" 314
"../../../../../../dev/Unreal/HoloTerrain/Plugins/UXTools/Content/Buttons/HoloLens2/S_ButtonReleased_Mono_01.uasset" 315
"../../../../../../dev/Unreal/HoloTerrain/Plugins/UXTools/Content/Buttons/HoloLens2/S_ButtonPressed_Mono_01.uasset" 316
"../../../../../../dev/Unreal/HoloTerrain/Plugins/UXTools/Content/Buttons/Simple/BP_SimpleButton.uasset" 317
"../../../../../../dev/Unreal/HoloTerrain/Plugins/UXTools/Content/Fonts/Font_SegoeHoloMDL_Regular_42.uasset" 318
"../../../../../../dev/Unreal/HoloTerrain/Plugins/UXTools/Content/Fonts/Font_SegoeMDL2_Regular_42.uasset" 319
"../../../../../../dev/Unreal/HoloTerrain/Plugins/UXTools/Content/Fonts/Font_SegoeUI_Semibold_42.uasset" 320
"../../../../../../dev/Unreal/HoloTerrain/Plugins/UXTools/Content/Fonts/FontFace_seguisb.uasset" 321
"../../../../../../dev/Unreal/HoloTerrain/Plugins/UXTools/Content/Fonts/Font_SegoeUI_Semibold_Dynamic.uasset" 322
"../../../../../../dev/Unreal/HoloTerrain/Plugins/UXTools/Content/Fonts/Font_SegoeUI_Bold_42.uasset" 323
"../../../../../../dev/Unreal/HoloTerrain/Plugins/UXTools/Content/Fonts/M_DefaultFont.uasset" 324
"../../../Engine/Content/Animation/DefaultAnimBoneCompressionSettings.uasset" 325
"../../../../../../dev/Unreal/HoloTerrain/Plugins/UXTools/Content/InputSimulation/InputSimulationHands_Anim.uasset" 326
"../../../../../../dev/Unreal/HoloTerrain/Plugins/UXTools/Content/InputSimulation/InputSimulationHands_Skeleton_PoseAsset.uasset" 327
"../../../../../../dev/Unreal/HoloTerrain/Plugins/UXTools/Content/InputSimulation/InputSimulationHands_AnimInstance.uasset" 328
"../../../../../../dev/Unreal/HoloTerrain/Plugins/UXTools/Content/Manipulator/S_ManipulatorEnd_Mono_01.uasset" 329
"../../../../../../dev/Unreal/HoloTerrain/Plugins/UXTools/Content/Manipulator/S_ManipulatorStart_Mono_01.uasset" 330
"../../../../../../dev/Unreal/HoloTerrain/Plugins/UXTools/Content/Textures/T_IridescenceRamp_02_D.uasset" 331
"../../../../../../dev/Unreal/HoloTerrain/Plugins/UXTools/Content/Materials/MI_HoloLens2BackPlatePastel.uasset" 332
"../../../../../../dev/Unreal/HoloTerrain/Plugins/UXTools/Content/Textures/T_IridescenceRamp_03_D.uasset" 333
"../../../../../../dev/Unreal/HoloTerrain/Plugins/UXTools/Content/Materials/MI_HoloLens2BackPlatePurple.uasset" 334
"../../../../../../dev/Unreal/HoloTerrain/Plugins/UXTools/Content/Materials/MI_SimpleLit_Black.uasset" 335
"../../../../../../dev/Unreal/HoloTerrain/Plugins/UXTools/Content/Materials/MI_SimpleLit_Blue.uasset" 336
"../../../../../../dev/Unreal/HoloTerrain/Plugins/UXTools/Content/Materials/MI_SimpleLit_Cyan.uasset" 337
"../../../../../../dev/Unreal/HoloTerrain/Plugins/UXTools/Content/Materials/MI_SimpleLit_DarkGray.uasset" 338
"../../../../../../dev/Unreal/HoloTerrain/Plugins/UXTools/Content/Materials/MI_SimpleLit_Gray.uasset" 339
"../../../../../../dev/Unreal/HoloTerrain/Plugins/UXTools/Content/Materials/MI_SimpleLit_Green.uasset" 340
"../../../../../../dev/Unreal/HoloTerrain/Plugins/UXTools/Content/Materials/MI_SimpleLit_Red.uasset" 341
"../../../../../../dev/Unreal/HoloTerrain/Plugins/UXTools/Content/Materials/MI_SimpleLit_VeryDarkGray.uasset" 342
"../../../../../../dev/Unreal/HoloTerrain/Plugins/UXTools/Content/Materials/MI_SimpleLit_Yellow.uasset" 343
"../../../Engine/Content/Functions/Engine_MaterialFunctions03/Math/RemapValueRange.uasset" 344
"../../../Engine/Content/Functions/Engine_MaterialFunctions01/Gradient/SphereGradient-2D.uasset" 345
"../../../../../../dev/Unreal/HoloTerrain/Plugins/UXTools/Content/Materials/M_GrabbableDots.uasset" 346
"../../../../../../dev/Unreal/HoloTerrain/Plugins/UXTools/Content/Models/SM_BackPlateRoundedThick_12.uasset" 347
"../../../../../../dev/Unreal/HoloTerrain/Plugins/UXTools/Content/Models/SM_BackPlateRoundedThick_16.uasset" 348
"../../../../../../dev/Unreal/HoloTerrain/Plugins/UXTools/Content/Models/SM_BackPlateRoundedThick_4.uasset" 349
"../../../../../../dev/Unreal/HoloTerrain/Plugins/UXTools/Content/Models/SM_BackPlateRoundedThick_8.uasset" 350
"../../../../../../dev/Unreal/HoloTerrain/Plugins/UXTools/Content/Models/SM_FrontPlate_NX.uasset" 351
"../../../../../../dev/Unreal/HoloTerrain/Plugins/UXTools/Content/Models/SM_FrontPlate_NY.uasset" 352
"../../../../../../dev/Unreal/HoloTerrain/Plugins/UXTools/Content/Models/SM_FrontPlate_NZ.uasset" 353
"../../../../../../dev/Unreal/HoloTerrain/Plugins/UXTools/Content/Models/SM_FrontPlate_PX.uasset" 354
"../../../../../../dev/Unreal/HoloTerrain/Plugins/UXTools/Content/Models/SM_FrontPlate_PY.uasset" 355
"../../../../../../dev/Unreal/HoloTerrain/Plugins/UXTools/Content/Models/SM_FrontPlate_PZ.uasset" 356
"../../../../../../dev/Unreal/HoloTerrain/Plugins/UXTools/Content/Pointers/MaterialFunctions/MF_Resize.uasset" 357
"../../../Engine/Content/Functions/Engine_MaterialFunctions02/SmoothStep.uasset" 358
"../../../../../../dev/Unreal/HoloTerrain/Plugins/UXTools/Content/Pointers/MaterialFunctions/MF_Smooth_Pulse.uasset" 359
"../../../../../../dev/Unreal/HoloTerrain/Plugins/UXTools/Content/Pointers/Materials/M_FingerTipCursor.uasset" 360
"../../../../../../dev/Unreal/HoloTerrain/Plugins/UXTools/Content/Pointers/Materials/MI_FingerTipCursor.uasset" 361
"../../../Engine/Content/Functions/Engine_MaterialFunctions02/Utility/VectorLength.uasset" 362
"../../../../../../dev/Unreal/HoloTerrain/Plugins/UXTools/Content/Pointers/MaterialFunctions/MF_PointerHighlight.uasset" 363
"../../../../../../dev/Unreal/HoloTerrain/Plugins/UXTools/Content/Pointers/Materials/M_PointerHighlight.uasset" 364
"../../../../../../dev/Unreal/HoloTerrain/Plugins/UXTools/Content/Pointers/Materials/M_RingCursor.uasset" 365
"../../../../../../dev/Unreal/HoloTerrain/Plugins/UXTools/Content/Pointers/Materials/M_Beam.uasset" 366
"../../../../../../dev/Unreal/HoloTerrain/Plugins/UXTools/Content/Pointers/Meshes/SM_Beam.uasset" 367
"../../../../../../dev/Unreal/HoloTerrain/Plugins/UXTools/Content/Pointers/Materials/M_Shadow.uasset" 368
"../../../../../../dev/Unreal/HoloTerrain/Plugins/UXTools/Content/Pointers/Materials/M_Light.uasset" 369
"../../../../../../dev/Unreal/HoloTerrain/Plugins/UXTools/Content/Pointers/Meshes/SM_Cursor_Focus_geo.uasset" 370
"../../../../../../dev/Unreal/HoloTerrain/Plugins/UXTools/Content/Pointers/Meshes/SM_Cursor_Press_geo.uasset" 371
"../../../../../../dev/Unreal/HoloTerrain/Plugins/UXTools/Content/Pointers/Meshes/SM_Cursor_Rest_geo.uasset" 372
"../../../../../../dev/Unreal/HoloTerrain/Plugins/UXTools/Content/Pointers/Meshes/SM_FingerTipCursor.uasset" 373
"../../../../../../dev/Unreal/HoloTerrain/Plugins/UXTools/Content/Pointers/MaterialFunctions/MF_MakeBeamLines.uasset" 374
"../../../../../../dev/Unreal/HoloTerrain/Plugins/UXTools/Content/Pointers/MaterialFunctions/MF_FadeMiddle.uasset" 375
"../../../Engine/Content/Functions/Engine_MaterialFunctions01/Density/ExponentialDensity.uasset" 376
"../../../Engine/Content/Functions/Engine_MaterialFunctions01/Gradient/RadialGradientExponential.uasset" 377
"../../../../../../dev/Unreal/HoloTerrain/Plugins/UXTools/Content/Pointers/Materials/M_FarBeamSpline.uasset" 378
"../../../../../../dev/Unreal/HoloTerrain/Plugins/UXTools/Content/Pointers/Materials/MI_FarBeamSpline.uasset" 379
"../../../../../../dev/Unreal/HoloTerrain/Plugins/UXTools/Content/Pointers/Meshes/SM_Tube.uasset" 380
"../../../../../../dev/Unreal/HoloTerrain/Plugins/UXTools/Content/Pointers/Meshes/SM_UnitQuad.uasset" 381
"../../../../../../dev/Unreal/HoloTerrain/Plugins/UXTools/Content/Slider/Anim/Curve_SliderButtonScale_Float.uasset" 382
"../../../../../../dev/Unreal/HoloTerrain/Plugins/UXTools/Content/Slider/Audio/A_Slider_Grab.uasset" 383
"../../../../../../dev/Unreal/HoloTerrain/Plugins/UXTools/Content/Slider/Audio/A_Slider_Grab_Cue.uasset" 384
"../../../../../../dev/Unreal/HoloTerrain/Plugins/UXTools/Content/Slider/Audio/A_Slider_Pass_Notch.uasset" 385
"../../../../../../dev/Unreal/HoloTerrain/Plugins/UXTools/Content/Slider/Audio/A_Slider_Pass_Notch_Cue.uasset" 386
"../../../../../../dev/Unreal/HoloTerrain/Plugins/UXTools/Content/Slider/Audio/A_Slider_Release.uasset" 387
"../../../../../../dev/Unreal/HoloTerrain/Plugins/UXTools/Content/Slider/Audio/A_Slider_Release_Cue.uasset" 388
"../../../../../../dev/Unreal/HoloTerrain/Plugins/UXTools/Content/Slider/Meshes/SM_Button_Oval_Concave_12x24mm_optimized.uasset" 389
"../../../../../../dev/Unreal/HoloTerrain/Plugins/UXTools/Content/Slider/Meshes/SM_Slider_Dot_geo.uasset" 390
"../../../../../../dev/Unreal/HoloTerrain/Plugins/UXTools/Content/Slider/Meshes/SM_Slider_Track_Dotted.uasset" 391
"../../../../../../dev/Unreal/HoloTerrain/Plugins/UXTools/Content/Slider/Meshes/SM_Slider_Track_Oval_Outline.uasset" 392
"../../../../../../dev/Unreal/HoloTerrain/Plugins/UXTools/Content/Slider/Meshes/SM_Slider_Track_Simple.uasset" 393
"../../../../../../dev/Unreal/HoloTerrain/Plugins/UXTools/Content/Tooltip/MI_TooltipBackPlate.uasset" 394
"../../../../../../dev/Unreal/HoloTerrain/Plugins/UXTools/Content/Tooltip/M_TooltipSpline.uasset" 395
"../../../../../../dev/Unreal/HoloTerrain/Plugins/UXTools/Content/Utilities/ESignedAxis.uasset" 396
"../../../../../../dev/Unreal/HoloTerrain/Plugins/UXTools/Content/Utilities/UBP_ActorUtilities.uasset" 397
"../../../Engine/Content/EngineResources/Bad.uasset" 398
"../../../../../../dev/Unreal/HoloTerrain/Plugins/UXTools/Content/Utilities/IconBrushEditor/M_WidgetCharacter.uasset" 399
"../../../../../../dev/Unreal/HoloTerrain/Plugins/UXTools/Content/Utilities/IconBrushEditor/Widget_CharacterEntry.uasset" 400
"../../../../../../dev/Unreal/HoloTerrain/Plugins/UXTools/Content/Utilities/IconBrushEditor/UW_IconBrushEditor.uasset" 401
"../../../../../../dev/Unreal/HoloTerrain/Content/Data/ARSessionConfig.uasset" 402
"../../../../../../dev/Unreal/HoloTerrain/Content/Maps/main.umap" 403
"../../../Engine/Content/Maps/Entry_BuiltData.uasset" 404
"../../../Engine/Content/Maps/Entry.umap" 405
